<?xml version="1.0" encoding="UTF-8"?>
<testng-results total="1" passed="1" failed="0" skipped="0">
  <reporter-output>
  </reporter-output>
  <suite started-at="2018-12-16T22:24:19Z" name="Suite" finished-at="2018-12-16T22:26:10Z" duration-ms="111201">
    <groups>
    </groups>
    <test started-at="2018-12-16T22:24:19Z" name="Test" finished-at="2018-12-16T22:26:10Z" duration-ms="111201">
      <class name="com.makemytrip.qa.testcases.MailBoxPageTest">
        <test-method is-config="true" signature="setUp()[pri:0, instance:com.makemytrip.qa.testcases.MailBoxPageTest@3bd82cf5]" started-at="2018-12-16T22:24:19Z" name="setUp" finished-at="2018-12-16T22:24:54Z" duration-ms="34766" status="PASS">
        </test-method>
        <test-method signature="loginTest()[pri:1, instance:com.makemytrip.qa.testcases.MailBoxPageTest@3bd82cf5]" started-at="2018-12-16T22:24:54Z" name="loginTest" finished-at="2018-12-16T22:26:10Z" duration-ms="76358" status="PASS">
        </test-method>
      </class>
    </test>
  </suite>
</testng-results>
